<?xml version="1.0" encoding="utf-8"?><testsuites name="pytest tests"><testsuite name="pytest" errors="0" failures="0" skipped="0" tests="6" time="1.112" timestamp="2025-11-25T17:10:35.916624+01:00" hostname="monschichi-pc"><testcase classname="tests.application_test" name="test_slash" time="0.054" /><testcase classname="tests.application_test" name="test_admin" time="0.108" /><testcase classname="tests.application_test" name="test_accounts" time="0.236" /><testcase classname="tests.application_test" name="test_aliases" time="0.062" /><testcase classname="tests.application_test" name="test_domains" time="0.059" /><testcase classname="tests.application_test" name="test_deniedrecipients" time="0.058" /></testsuite></testsuites>
